ERROR:root:amass on goldsbetvip9.com => Initialization error: BaseTool.__init__() got an unexpected keyword argument 'threads'
ERROR:root:subfinder on goldsbetvip9.com => Initialization error: BaseTool.__init__() got an unexpected keyword argument 'threads'
ERROR:root:sublist3r on goldsbetvip9.com => Initialization error: BaseTool.__init__() got an unexpected keyword argument 'threads'
ERROR:root:assetfinder on goldsbetvip9.com => Initialization error: BaseTool.__init__() got an unexpected keyword argument 'threads'
ERROR:root:findomain on goldsbetvip9.com => Initialization error: FindomainScanner.__init__() got an unexpected keyword argument 'rate_limit'
ERROR:root:crtsh on goldsbetvip9.com => Initialization error: CrtShScanner.__init__() got an unexpected keyword argument 'rate_limit'
ERROR:root:chaos on goldsbetvip9.com => Initialization error: BaseTool.__init__() got an unexpected keyword argument 'threads'
ERROR:root:email_extractor on goldsbetvip9.com => Initialization error: BaseTool.__init__() got an unexpected keyword argument 'threads'
ERROR:root:name_extractor on goldsbetvip9.com => Initialization error: BaseTool.__init__() got an unexpected keyword argument 'threads'
ERROR:root:phone_extractor on goldsbetvip9.com => Initialization error: BaseTool.__init__() got an unexpected keyword argument 'threads'
ERROR:root:secret_finder on goldsbetvip9.com => Initialization error: BaseTool.__init__() got an unexpected keyword argument 'threads'
ERROR:root:nuclei on goldsbetvip9.com => Initialization error: BaseTool.__init__() got an unexpected keyword argument 'threads'
ERROR:root:naabu on goldsbetvip9.com => Initialization error: BaseTool.__init__() got an unexpected keyword argument 'threads'
ERROR:root:httpx on goldsbetvip9.com => Initialization error: BaseTool.__init__() got an unexpected keyword argument 'threads'
ERROR:root:owasp_scanner on goldsbetvip9.com => Initialization error: BaseTool.__init__() got an unexpected keyword argument 'threads'
ERROR:root:alive_checker on goldsbetvip9.com => Initialization error: BaseTool.__init__() got an unexpected keyword argument 'threads'
ERROR:root:important_finder on goldsbetvip9.com => Initialization error: BaseTool.__init__() got an unexpected keyword argument 'threads'
ERROR:root:manual_suggestions on goldsbetvip9.com => Initialization error: BaseTool.__init__() got an unexpected keyword argument 'threads'
ERROR:root:amass on goldsbetvip9.com => Initialization error: BaseTool.__init__() got an unexpected keyword argument 'threads'
ERROR:root:subfinder on goldsbetvip9.com => Initialization error: BaseTool.__init__() got an unexpected keyword argument 'threads'
ERROR:root:sublist3r on goldsbetvip9.com => Initialization error: BaseTool.__init__() got an unexpected keyword argument 'threads'
ERROR:root:assetfinder on goldsbetvip9.com => Initialization error: BaseTool.__init__() got an unexpected keyword argument 'threads'
ERROR:root:findomain on goldsbetvip9.com => Initialization error: FindomainScanner.__init__() got an unexpected keyword argument 'rate_limit'
ERROR:root:crtsh on goldsbetvip9.com => Initialization error: CrtShScanner.__init__() got an unexpected keyword argument 'rate_limit'
ERROR:root:chaos on goldsbetvip9.com => Initialization error: BaseTool.__init__() got an unexpected keyword argument 'threads'
ERROR:root:email_extractor on goldsbetvip9.com => Initialization error: BaseTool.__init__() got an unexpected keyword argument 'threads'
ERROR:root:name_extractor on goldsbetvip9.com => Initialization error: BaseTool.__init__() got an unexpected keyword argument 'threads'
ERROR:root:phone_extractor on goldsbetvip9.com => Initialization error: BaseTool.__init__() got an unexpected keyword argument 'threads'
ERROR:root:secret_finder on goldsbetvip9.com => Initialization error: BaseTool.__init__() got an unexpected keyword argument 'threads'
ERROR:root:nuclei on goldsbetvip9.com => Initialization error: BaseTool.__init__() got an unexpected keyword argument 'threads'
ERROR:root:naabu on goldsbetvip9.com => Initialization error: BaseTool.__init__() got an unexpected keyword argument 'threads'
ERROR:root:httpx on goldsbetvip9.com => Initialization error: BaseTool.__init__() got an unexpected keyword argument 'threads'
ERROR:root:owasp_scanner on goldsbetvip9.com => Initialization error: BaseTool.__init__() got an unexpected keyword argument 'threads'
ERROR:root:alive_checker on goldsbetvip9.com => Initialization error: BaseTool.__init__() got an unexpected keyword argument 'threads'
ERROR:root:important_finder on goldsbetvip9.com => Initialization error: BaseTool.__init__() got an unexpected keyword argument 'threads'
ERROR:root:manual_suggestions on goldsbetvip9.com => Initialization error: BaseTool.__init__() got an unexpected keyword argument 'threads'
ERROR:root:amass on goldsbetvip9.com => Initialization error: BaseTool.__init__() got an unexpected keyword argument 'threads'
ERROR:root:subfinder on goldsbetvip9.com => Initialization error: BaseTool.__init__() got an unexpected keyword argument 'threads'
ERROR:root:sublist3r on goldsbetvip9.com => Initialization error: BaseTool.__init__() got an unexpected keyword argument 'threads'
ERROR:root:assetfinder on goldsbetvip9.com => Initialization error: BaseTool.__init__() got an unexpected keyword argument 'threads'
ERROR:root:findomain on goldsbetvip9.com => Initialization error: FindomainScanner.__init__() got an unexpected keyword argument 'rate_limit'
ERROR:root:crtsh on goldsbetvip9.com => Initialization error: CrtShScanner.__init__() got an unexpected keyword argument 'rate_limit'
ERROR:root:chaos on goldsbetvip9.com => Initialization error: BaseTool.__init__() got an unexpected keyword argument 'threads'
ERROR:root:email_extractor on goldsbetvip9.com => Initialization error: BaseTool.__init__() got an unexpected keyword argument 'threads'
ERROR:root:name_extractor on goldsbetvip9.com => Initialization error: BaseTool.__init__() got an unexpected keyword argument 'threads'
ERROR:root:phone_extractor on goldsbetvip9.com => Initialization error: BaseTool.__init__() got an unexpected keyword argument 'threads'
ERROR:root:secret_finder on goldsbetvip9.com => Initialization error: BaseTool.__init__() got an unexpected keyword argument 'threads'
ERROR:root:nuclei on goldsbetvip9.com => Initialization error: BaseTool.__init__() got an unexpected keyword argument 'threads'
ERROR:root:naabu on goldsbetvip9.com => Initialization error: BaseTool.__init__() got an unexpected keyword argument 'threads'
ERROR:root:httpx on goldsbetvip9.com => Initialization error: BaseTool.__init__() got an unexpected keyword argument 'threads'
ERROR:root:owasp_scanner on goldsbetvip9.com => Initialization error: BaseTool.__init__() got an unexpected keyword argument 'threads'
ERROR:root:alive_checker on goldsbetvip9.com => Initialization error: BaseTool.__init__() got an unexpected keyword argument 'threads'
ERROR:root:important_finder on goldsbetvip9.com => Initialization error: BaseTool.__init__() got an unexpected keyword argument 'threads'
ERROR:root:manual_suggestions on goldsbetvip9.com => Initialization error: BaseTool.__init__() got an unexpected keyword argument 'threads'
ERROR:root:findomain on goldsbetvip9.com => Initialization error: FindomainScanner.__init__() got an unexpected keyword argument 'rate_limit'
ERROR:root:crtsh on goldsbetvip9.com => Initialization error: CrtShScanner.__init__() got an unexpected keyword argument 'rate_limit'
ERROR:root:findomain on goldsbetvip9.com => Initialization error: FindomainScanner.__init__() got an unexpected keyword argument 'rate_limit'
ERROR:root:crtsh on goldsbetvip9.com => Initialization error: CrtShScanner.__init__() got an unexpected keyword argument 'rate_limit'
ERROR:root:findomain on goldsbetvip9.com => Initialization error: FindomainScanner.__init__() got an unexpected keyword argument 'rate_limit'
ERROR:root:crtsh on goldsbetvip9.com => Initialization error: CrtShScanner.__init__() got an unexpected keyword argument 'rate_limit'
ERROR:root:amass on goldsbetvip9.com => No module named 'tools.subdomain.amass.AmassScanner'; 'tools.subdomain.amass' is not a package
ERROR:root:findomain on goldsbetvip9.com => Initialization error: FindomainScanner.__init__() got an unexpected keyword argument 'rate_limit'
ERROR:root:crtsh on goldsbetvip9.com => Initialization error: CrtShScanner.__init__() got an unexpected keyword argument 'rate_limit'
ERROR:root:findomain on goldsbetvip9.com => Initialization error: FindomainScanner.__init__() got an unexpected keyword argument 'rate_limit'
ERROR:root:crtsh on goldsbetvip9.com => Initialization error: CrtShScanner.__init__() got an unexpected keyword argument 'rate_limit'
ERROR:root:crtsh on goldsbetvip9.com => Tool not initialized
ERROR:asyncio:Task exception was never retrieved
future: <Task finished name='Task-2' coro=<NightOwlOrchestrator.run() done, defined at /home/nightowl/.a Today Test/Test/Per/nightowl_recon/core/orchestrator.py:108> exception=AttributeError("'FileManager' object has no attribute 'save_state'")>
Traceback (most recent call last):
  File "/home/nightowl/.a Today Test/Test/Per/nightowl_recon/core/orchestrator.py", line 116, in run
    await self.file_manager.save_state({"current_phase": self.current_phase, "scan_results": self.scan_results})
          ^^^^^^^^^^^^^^^^^^^^^^^^^^^^
AttributeError: 'FileManager' object has no attribute 'save_state'
ERROR:asyncio:Task exception was never retrieved
future: <Task finished name='Task-2' coro=<NightOwlOrchestrator.run() done, defined at /home/nightowl/.a Today Test/Test/Per/nightowl_recon/core/orchestrator.py:108> exception=AttributeError("'FileManager' object has no attribute 'save_state'")>
Traceback (most recent call last):
  File "/home/nightowl/.a Today Test/Test/Per/nightowl_recon/core/orchestrator.py", line 116, in run
    await self.file_manager.save_state({"current_phase": self.current_phase, "scan_results": self.scan_results})
          ^^^^^^^^^^^^^^^^^^^^^^^^^^^^
AttributeError: 'FileManager' object has no attribute 'save_state'
ERROR:root:crtsh on goldsbetvip9.com => 502, message='Attempt to decode JSON with unexpected mimetype: text/html', url='https://crt.sh/?q=%25.goldsbetvip9.com&output=json'
